C51 COMPILER V9.60.0.0   RAM                                                               03/16/2022 17:14:43 PAGE 1   


C51 COMPILER V9.60.0.0, COMPILATION OF MODULE RAM
OBJECT MODULE PLACED IN .\STX0031_KeilC51\ram.obj
COMPILER INVOKED BY: C:\Keil_v5\C51\BIN\C51.EXE user\src\ram.c OPTIMIZE(0,SPEED) BROWSE INCDIR(.\user\inc;.\include;.\ra
                    -dio) DEBUG OBJECTEXTEND PRINT(.\STX0031_KeilC51\ram.lst) TABS(2) OBJECT(.\STX0031_KeilC51\ram.obj)

line level    source

   1          #include <stdio.h>
   2          #include <stdlib.h>
   3          //#include <stdint.h>
   4          //#include <stdbool.h> /* For true/false definition                      */
   5          //#include "initial.h"    // ?????  ?????
   6          #include "Type.h"
   7          #include "ram.h"
   8          
   9          xdata Mark_Un mark0_stu = {0};
  10          xdata Mark_Un mark1_stu = {0};
  11          
  12          xdata u8 DEF_APP_TX_freq = 3;
  13          
  14          xdata uFLAG FLAG_test1 = {0};
  15          xdata volatile uFLAG FLAG0 = {0};
  16          xdata volatile uFLAG FLAG1 = {0};
  17          xdata volatile uFLAG FLAG_test = {0};
  18          xdata volatile uFLAG FLAG2 = {0};
  19          xdata volatile uFLAG FLAG3 = {0};
  20          
  21          xdata u8 CONST_TXPACKET_DATA_20000AF0[28] = {
  22            0X95, 0X55, 0X55, 0X55,
  23            0X55, 0X55, 0X56, 0X55,
  24            0X95, 0X55, 0X56, 0X55,
  25            0X95, 0X55, 0X55, 0X55,
  26            0X95, 0X55, 0X55, 0X55,
  27            0X95, 0X55, 0X55, 0X55,
  28            0X95, 0X55, 0X55, 0X55};
  29          
  30          
  31          xdata u16 X_COUNT = 0;
  32          xdata u16 X_ERR = 0; //è®°å½•é”™è¯¯çš„ä¸ªæ•?
  33          xdata u8 X_ERR_CNT = 0;
  34          xdata u16 X_ERRTimer = 0;
  35          
  36          xdata u8 SIO_cnt = 0;
  37          xdata u8 SIO_buff[16] = {0};
  38          xdata u8 SIO_DATA[16] = {0};
  39          xdata u8 Tx_Rx_mode = 0;
  40          xdata u16 Time_rf_init = 0;
  41          
  42          xdata u8 TIME_10ms = 0;
  43          xdata u16 TIMER1s = 0;
  44          xdata u16 TIMER300ms = 0;
  45          xdata u16 TIMER18ms = 0;
  46          xdata u16 TIMER250ms_STOP = 0;
  47          xdata u16 TIME_auto_out = 0;
  48          xdata u16 TIME_auto_close = 0;
  49          
  50          //#if RAM_LARGE == 1
  51          //xdata u8 ID_Receiver_DATA[768] = {0};
  52          //#else
  53          //xdata u32 ID_Receiver_DATA[100] = {0};
  54          //#endif
C51 COMPILER V9.60.0.0   RAM                                                               03/16/2022 17:14:43 PAGE 2   

  55          
  56          xdata u32 ID_SCX1801_DATA = 0;
  57          xdata u16 ID_DATA_PCS = 0;
  58          xdata u32 DATA_Packet_ID = 0;
  59          xdata u8 DATA_Packet_Control = 0;
  60          xdata u8 DATA_Packet_Contro_buf = 0; //2015.3.24ä¿®æ­£
  61          xdata u32 ID_Receiver_Login = 0;
  62          
  63          xdata u16 TIME_Receiver_Login_restrict = 0;
  64          xdata u8 COUNT_Receiver_Login = 0;
  65          xdata u16 TIME_Receiver_Login = 0;
  66          xdata u16 TIME_Login_EXIT_rest = 0;
  67          xdata u16 TIME_Receiver_Login_led = 0;
  68          xdata u16 TIME_ID_SCX1801_Login = 0;
  69          
  70          
  71          xdata u8 TIME_OUT_OPEN_CLOSE = 0;
  72          xdata u16 TIME_Receiver_LED_OUT = 0;
  73          xdata u16 TIME_Login_EXIT_Button = 0;
  74          xdata u16 Manual_override_TIMER = 0;
  75          xdata u16 time_Login_exit_256 = 0;
  76          
  77          xdata u16 TIME_TestNo91 = 0;
  78          xdata u16 TIME_power_led = 0;
  79          
  80          
  81          ///**********RSSI*********************/
  82          xdata short RAM_RSSI_AVG = 0;
  83          xdata long RAM_RSSI_SUM = 0;
  84          xdata u8 RSSI_Read_Counter = 0;
  85          
  86          
  87          xdata u32 PROFILE_CH_FREQ_32bit_200002EC = 426075000ul;
  88          //xdata const u32 PROFILE_CH1_FREQ_32bit_429HighSpeed=429350000;//429350000;//429225000;
  89          //xdata const u32 PROFILE_CH2_FREQ_32bit_429HighSpeed=429550000;//429550000;//429237500;
  90          xdata u8 Channels = 1;
  91          
  92          
  93          xdata Wireless_Body Struct_DATA_Packet_Contro,Struct_DATA_Packet_Contro_buf;
  94          xdata Wireless_Body Uart_Struct_DATA_Packet_Contro,Last_Uart_Struct_DATA_Packet_Contro;
  95          xdata u8 Struct_DATA_Packet_Contro_fno=0;
  96          xdata u16 TIMER_Semi_open = 0;
  97          xdata u16 TIMER_Semi_close = 0;
  98          xdata u8 FLAG__Semi_open_T = 0;
  99          xdata u8 FLAG__Semi_close_T = 0;
 100          xdata u16 TIME_APP_TX_fromOUT = 0;
 101          xdata u8 Time_APP_blank_TX = 0;
 102          xdata u8 Time_APP_RXstart = 0;
 103          bit Flag_TX_ID_load = 0;
 104          
 105          xdata u8 TIME_ERROR_Read_once_again = 0;
 106          xdata unsigned char Send_err_com[7] = {0x02, 0x07, 0x11,0x98,0x09,0x52,0x46};
 107          xdata u8 Time_error_read_gap = 0;
 108          xdata u16 Time_error_read_timeout = 0;
 109          xdata u8 ERROR_Read_sendTX_count = 0;
 110          xdata u8 ERROR_Read_sendTX_packet = 0;
 111          xdata u8 Flag_ERROR_Read_once_again = 0;
 112          xdata u8 write_flash_buffer[8] = {0};
 113          xdata u8 retx_cnt = 0;
 114          


C51 COMPILER V9.60.0.0   RAM                                                               03/16/2022 17:14:43 PAGE 3   

MODULE INFORMATION:   STATIC OVERLAYABLE
   CODE SIZE        =   ----    ----
   CONSTANT SIZE    =   ----    ----
   XDATA SIZE       =    215    ----
   PDATA SIZE       =   ----    ----
   DATA SIZE        =   ----    ----
   IDATA SIZE       =   ----    ----
   BIT SIZE         =      1    ----
END OF MODULE INFORMATION.


C51 COMPILATION COMPLETE.  0 WARNING(S),  0 ERROR(S)
