C51 COMPILER V9.60.0.0   SYS                                                               03/16/2022 17:38:02 PAGE 1   


C51 COMPILER V9.60.0.0, COMPILATION OF MODULE SYS
OBJECT MODULE PLACED IN .\STX0031_KeilC51\sys.obj
COMPILER INVOKED BY: C:\Keil_v5\C51\BIN\C51.EXE user\src\sys.c OPTIMIZE(0,SPEED) BROWSE INCDIR(.\user\inc;.\include;.\ra
                    -dio) DEBUG OBJECTEXTEND PRINT(.\STX0031_KeilC51\sys.lst) TABS(2) OBJECT(.\STX0031_KeilC51\sys.obj)

line level    source

   1          #include "sys.h"
   2          
   3          void Init_Clock(void)
   4          {
   5   1      #if (MCU_SYSCLK == 6000000)
                  CLK_SetCKCON0(IHRCO_12MHz|CPUCLK_SYSCLK_DIV_1|SYSCLK_MCKDO_DIV_2);
                  DelayXus(100);
              #endif
   9   1        
  10   1      #if (MCU_SYSCLK == 16000000)
  11   1          CLK_SetCKCON0(IHRCO_12MHz|ENABLE_CKM|CKM_OSCIN_DIV_2|CPUCLK_SYSCLK_DIV_1|SYSCLK_MCKDO_DIV_4);
  12   1          DelayXus(100);
  13   1          CLK_SetCKCON2(ENABLE_IHRCO|MCK_CKMI_X533|OSCIn_IHRCO); 
  14   1          DelayXus(100);    
  15   1          CLK_SetCKCON3(0x06);                                    //12MHz/2*5.33/2 = 16MHz 
  16   1      #endif
  17   1       
  18   1      #if (MCU_SYSCLK == 24000000)
                // SysClk=24MHz CpuClk=24MHz
                CLK_SetCKCON0(IHRCO_12MHz|ENABLE_CKM|CKM_OSCIN_DIV_2|CPUCLK_SYSCLK_DIV_1|SYSCLK_MCKDO_DIV_1);
                DelayXus(100);
                // IHRCO, MCK=CKMIx4, OSCin=IHRCO
                CLK_SetCKCON2(ENABLE_IHRCO|MCK_CKMI_X4|OSCIn_IHRCO);
              #endif
  25   1      }
  26          
  27          
  28          void Init_WDT(void)
  29          {
  30   1          PCON1 |= WDTF;
  31   1          WDT_SetClock_32K_DIV_16_256ms();
  32   1          WDT_EnReset();
  33   1        WDT_Enable();   // 使能看门狗
  34   1      }
  35          
  36          void ClearWDT(void)
  37          {
  38   1          WDT_Clear();
  39   1      }


MODULE INFORMATION:   STATIC OVERLAYABLE
   CODE SIZE        =     94    ----
   CONSTANT SIZE    =   ----    ----
   XDATA SIZE       =   ----    ----
   PDATA SIZE       =   ----    ----
   DATA SIZE        =   ----    ----
   IDATA SIZE       =   ----    ----
   BIT SIZE         =   ----    ----
END OF MODULE INFORMATION.


C51 COMPILATION COMPLETE.  0 WARNING(S),  0 ERROR(S)
